[2025-12-30 18:04:49] local.ERROR: Class "App\Http\Controllers\Controller" not found {"exception":"[object] (Error(code: 0): Class \"App\\Http\\Controllers\\Controller\" not found at D:\\my-code\\kehu-web\\jstforher\\backend\\app\\Http\\Controllers\\Api\\CategoryController.php:8)
[stacktrace]
#0 D:\\my-code\\kehu-web\\jstforher\\backend\\vendor\\composer\\ClassLoader.php(576): include()
#1 D:\\my-code\\kehu-web\\jstforher\\backend\\vendor\\composer\\ClassLoader.php(427): Composer\\Autoload\\{closure}()
#2 [internal function]: Composer\\Autoload\\ClassLoader->loadClass()
#3 D:\\my-code\\kehu-web\\jstforher\\backend\\vendor\\illuminate\\container\\Container.php(877): ReflectionClass->__construct()
#4 D:\\my-code\\kehu-web\\jstforher\\backend\\vendor\\illuminate\\container\\Container.php(758): Illuminate\\Container\\Container->build()
#5 D:\\my-code\\kehu-web\\jstforher\\backend\\vendor\\illuminate\\container\\Container.php(694): Illuminate\\Container\\Container->resolve()
#6 D:\\my-code\\kehu-web\\jstforher\\backend\\vendor\\laravel\\lumen-framework\\src\\Application.php(300): Illuminate\\Container\\Container->make()
#7 D:\\my-code\\kehu-web\\jstforher\\backend\\vendor\\laravel\\lumen-framework\\src\\Concerns\\RoutesRequests.php(324): Laravel\\Lumen\\Application->make()
#8 D:\\my-code\\kehu-web\\jstforher\\backend\\vendor\\laravel\\lumen-framework\\src\\Concerns\\RoutesRequests.php(282): Laravel\\Lumen\\Application->callControllerAction()
#9 D:\\my-code\\kehu-web\\jstforher\\backend\\vendor\\laravel\\lumen-framework\\src\\Concerns\\RoutesRequests.php(267): Laravel\\Lumen\\Application->callActionOnArrayBasedRoute()
#10 D:\\my-code\\kehu-web\\jstforher\\backend\\vendor\\laravel\\lumen-framework\\src\\Concerns\\RoutesRequests.php(169): Laravel\\Lumen\\Application->handleFoundRoute()
#11 D:\\my-code\\kehu-web\\jstforher\\backend\\vendor\\laravel\\lumen-framework\\src\\Routing\\Pipeline.php(48): Laravel\\Lumen\\Application->Laravel\\Lumen\\Concerns\\{closure}()
#12 D:\\my-code\\kehu-web\\jstforher\\backend\\app\\Http\\Middleware\\CorsMiddleware.php(30): Laravel\\Lumen\\Routing\\Pipeline->Laravel\\Lumen\\Routing\\{closure}()
#13 D:\\my-code\\kehu-web\\jstforher\\backend\\vendor\\illuminate\\pipeline\\Pipeline.php(167): App\\Http\\Middleware\\CorsMiddleware->handle()
#14 D:\\my-code\\kehu-web\\jstforher\\backend\\vendor\\laravel\\lumen-framework\\src\\Routing\\Pipeline.php(30): Illuminate\\Pipeline\\Pipeline->Illuminate\\Pipeline\\{closure}()
#15 D:\\my-code\\kehu-web\\jstforher\\backend\\vendor\\illuminate\\pipeline\\Pipeline.php(103): Laravel\\Lumen\\Routing\\Pipeline->Laravel\\Lumen\\Routing\\{closure}()
#16 D:\\my-code\\kehu-web\\jstforher\\backend\\vendor\\laravel\\lumen-framework\\src\\Concerns\\RoutesRequests.php(426): Illuminate\\Pipeline\\Pipeline->then()
#17 D:\\my-code\\kehu-web\\jstforher\\backend\\vendor\\laravel\\lumen-framework\\src\\Concerns\\RoutesRequests.php(165): Laravel\\Lumen\\Application->sendThroughPipeline()
#18 D:\\my-code\\kehu-web\\jstforher\\backend\\vendor\\laravel\\lumen-framework\\src\\Concerns\\RoutesRequests.php(112): Laravel\\Lumen\\Application->dispatch()
#19 D:\\my-code\\kehu-web\\jstforher\\backend\\public\\index.php(17): Laravel\\Lumen\\Application->run()
#20 {main}
"} 
[2025-12-30 18:06:10] local.ERROR: Class "App\Http\Controllers\Controller" not found {"exception":"[object] (Error(code: 0): Class \"App\\Http\\Controllers\\Controller\" not found at D:\\my-code\\kehu-web\\jstforher\\backend\\app\\Http\\Controllers\\Api\\CategoryController.php:8)
[stacktrace]
#0 D:\\my-code\\kehu-web\\jstforher\\backend\\vendor\\composer\\ClassLoader.php(576): include()
#1 D:\\my-code\\kehu-web\\jstforher\\backend\\vendor\\composer\\ClassLoader.php(427): Composer\\Autoload\\{closure}()
#2 [internal function]: Composer\\Autoload\\ClassLoader->loadClass()
#3 D:\\my-code\\kehu-web\\jstforher\\backend\\vendor\\illuminate\\container\\Container.php(877): ReflectionClass->__construct()
#4 D:\\my-code\\kehu-web\\jstforher\\backend\\vendor\\illuminate\\container\\Container.php(758): Illuminate\\Container\\Container->build()
#5 D:\\my-code\\kehu-web\\jstforher\\backend\\vendor\\illuminate\\container\\Container.php(694): Illuminate\\Container\\Container->resolve()
#6 D:\\my-code\\kehu-web\\jstforher\\backend\\vendor\\laravel\\lumen-framework\\src\\Application.php(300): Illuminate\\Container\\Container->make()
#7 D:\\my-code\\kehu-web\\jstforher\\backend\\vendor\\laravel\\lumen-framework\\src\\Concerns\\RoutesRequests.php(324): Laravel\\Lumen\\Application->make()
#8 D:\\my-code\\kehu-web\\jstforher\\backend\\vendor\\laravel\\lumen-framework\\src\\Concerns\\RoutesRequests.php(282): Laravel\\Lumen\\Application->callControllerAction()
#9 D:\\my-code\\kehu-web\\jstforher\\backend\\vendor\\laravel\\lumen-framework\\src\\Concerns\\RoutesRequests.php(267): Laravel\\Lumen\\Application->callActionOnArrayBasedRoute()
#10 D:\\my-code\\kehu-web\\jstforher\\backend\\vendor\\laravel\\lumen-framework\\src\\Concerns\\RoutesRequests.php(169): Laravel\\Lumen\\Application->handleFoundRoute()
#11 D:\\my-code\\kehu-web\\jstforher\\backend\\vendor\\laravel\\lumen-framework\\src\\Routing\\Pipeline.php(48): Laravel\\Lumen\\Application->Laravel\\Lumen\\Concerns\\{closure}()
#12 D:\\my-code\\kehu-web\\jstforher\\backend\\app\\Http\\Middleware\\CorsMiddleware.php(30): Laravel\\Lumen\\Routing\\Pipeline->Laravel\\Lumen\\Routing\\{closure}()
#13 D:\\my-code\\kehu-web\\jstforher\\backend\\vendor\\illuminate\\pipeline\\Pipeline.php(167): App\\Http\\Middleware\\CorsMiddleware->handle()
#14 D:\\my-code\\kehu-web\\jstforher\\backend\\vendor\\laravel\\lumen-framework\\src\\Routing\\Pipeline.php(30): Illuminate\\Pipeline\\Pipeline->Illuminate\\Pipeline\\{closure}()
#15 D:\\my-code\\kehu-web\\jstforher\\backend\\vendor\\illuminate\\pipeline\\Pipeline.php(103): Laravel\\Lumen\\Routing\\Pipeline->Laravel\\Lumen\\Routing\\{closure}()
#16 D:\\my-code\\kehu-web\\jstforher\\backend\\vendor\\laravel\\lumen-framework\\src\\Concerns\\RoutesRequests.php(426): Illuminate\\Pipeline\\Pipeline->then()
#17 D:\\my-code\\kehu-web\\jstforher\\backend\\vendor\\laravel\\lumen-framework\\src\\Concerns\\RoutesRequests.php(165): Laravel\\Lumen\\Application->sendThroughPipeline()
#18 D:\\my-code\\kehu-web\\jstforher\\backend\\vendor\\laravel\\lumen-framework\\src\\Concerns\\RoutesRequests.php(95): Laravel\\Lumen\\Application->dispatch()
#19 D:\\my-code\\kehu-web\\jstforher\\backend\\test_controller.php(13): Laravel\\Lumen\\Application->handle()
#20 {main}
"} 
[2025-12-30 18:20:06] local.ERROR: Call to undefined function App\Models\now() {"exception":"[object] (Error(code: 0): Call to undefined function App\\Models\\now() at D:\\my-code\\kehu-web\\jstforher\\backend\\app\\Models\\Admin.php:57)
[stacktrace]
#0 D:\\my-code\\kehu-web\\jstforher\\backend\\app\\Http\\Controllers\\AuthController.php(34): App\\Models\\Admin->updateLastLogin()
#1 D:\\my-code\\kehu-web\\jstforher\\backend\\vendor\\illuminate\\container\\BoundMethod.php(36): App\\Http\\Controllers\\AuthController->login()
#2 D:\\my-code\\kehu-web\\jstforher\\backend\\vendor\\illuminate\\container\\Util.php(40): Illuminate\\Container\\BoundMethod::Illuminate\\Container\\{closure}()
#3 D:\\my-code\\kehu-web\\jstforher\\backend\\vendor\\illuminate\\container\\BoundMethod.php(93): Illuminate\\Container\\Util::unwrapIfClosure()
#4 D:\\my-code\\kehu-web\\jstforher\\backend\\vendor\\illuminate\\container\\BoundMethod.php(35): Illuminate\\Container\\BoundMethod::callBoundMethod()
#5 D:\\my-code\\kehu-web\\jstforher\\backend\\vendor\\illuminate\\container\\Container.php(653): Illuminate\\Container\\BoundMethod::call()
#6 D:\\my-code\\kehu-web\\jstforher\\backend\\vendor\\laravel\\lumen-framework\\src\\Concerns\\RoutesRequests.php(389): Illuminate\\Container\\Container->call()
#7 D:\\my-code\\kehu-web\\jstforher\\backend\\vendor\\laravel\\lumen-framework\\src\\Concerns\\RoutesRequests.php(354): Laravel\\Lumen\\Application->callControllerCallable()
#8 D:\\my-code\\kehu-web\\jstforher\\backend\\vendor\\laravel\\lumen-framework\\src\\Concerns\\RoutesRequests.php(329): Laravel\\Lumen\\Application->callLumenController()
#9 D:\\my-code\\kehu-web\\jstforher\\backend\\vendor\\laravel\\lumen-framework\\src\\Concerns\\RoutesRequests.php(282): Laravel\\Lumen\\Application->callControllerAction()
#10 D:\\my-code\\kehu-web\\jstforher\\backend\\vendor\\laravel\\lumen-framework\\src\\Concerns\\RoutesRequests.php(267): Laravel\\Lumen\\Application->callActionOnArrayBasedRoute()
#11 D:\\my-code\\kehu-web\\jstforher\\backend\\vendor\\laravel\\lumen-framework\\src\\Concerns\\RoutesRequests.php(169): Laravel\\Lumen\\Application->handleFoundRoute()
#12 D:\\my-code\\kehu-web\\jstforher\\backend\\vendor\\laravel\\lumen-framework\\src\\Routing\\Pipeline.php(48): Laravel\\Lumen\\Application->Laravel\\Lumen\\Concerns\\{closure}()
#13 D:\\my-code\\kehu-web\\jstforher\\backend\\app\\Http\\Middleware\\CorsMiddleware.php(30): Laravel\\Lumen\\Routing\\Pipeline->Laravel\\Lumen\\Routing\\{closure}()
#14 D:\\my-code\\kehu-web\\jstforher\\backend\\vendor\\illuminate\\pipeline\\Pipeline.php(167): App\\Http\\Middleware\\CorsMiddleware->handle()
#15 D:\\my-code\\kehu-web\\jstforher\\backend\\vendor\\laravel\\lumen-framework\\src\\Routing\\Pipeline.php(30): Illuminate\\Pipeline\\Pipeline->Illuminate\\Pipeline\\{closure}()
#16 D:\\my-code\\kehu-web\\jstforher\\backend\\vendor\\illuminate\\pipeline\\Pipeline.php(103): Laravel\\Lumen\\Routing\\Pipeline->Laravel\\Lumen\\Routing\\{closure}()
#17 D:\\my-code\\kehu-web\\jstforher\\backend\\vendor\\laravel\\lumen-framework\\src\\Concerns\\RoutesRequests.php(426): Illuminate\\Pipeline\\Pipeline->then()
#18 D:\\my-code\\kehu-web\\jstforher\\backend\\vendor\\laravel\\lumen-framework\\src\\Concerns\\RoutesRequests.php(165): Laravel\\Lumen\\Application->sendThroughPipeline()
#19 D:\\my-code\\kehu-web\\jstforher\\backend\\vendor\\laravel\\lumen-framework\\src\\Concerns\\RoutesRequests.php(95): Laravel\\Lumen\\Application->dispatch()
#20 D:\\my-code\\kehu-web\\jstforher\\backend\\test_login.php(25): Laravel\\Lumen\\Application->handle()
#21 {main}
"} 
[2025-12-30 18:30:47] local.ERROR: Call to undefined function App\Http\Controllers\public_path() {"exception":"[object] (Error(code: 0): Call to undefined function App\\Http\\Controllers\\public_path() at D:\\my-code\\kehu-web\\jstforher\\backend\\app\\Http\\Controllers\\UploadController.php:29)
[stacktrace]
#0 D:\\my-code\\kehu-web\\jstforher\\backend\\vendor\\illuminate\\container\\BoundMethod.php(36): App\\Http\\Controllers\\UploadController->uploadImage()
#1 D:\\my-code\\kehu-web\\jstforher\\backend\\vendor\\illuminate\\container\\Util.php(40): Illuminate\\Container\\BoundMethod::Illuminate\\Container\\{closure}()
#2 D:\\my-code\\kehu-web\\jstforher\\backend\\vendor\\illuminate\\container\\BoundMethod.php(93): Illuminate\\Container\\Util::unwrapIfClosure()
#3 D:\\my-code\\kehu-web\\jstforher\\backend\\vendor\\illuminate\\container\\BoundMethod.php(35): Illuminate\\Container\\BoundMethod::callBoundMethod()
#4 D:\\my-code\\kehu-web\\jstforher\\backend\\vendor\\illuminate\\container\\Container.php(653): Illuminate\\Container\\BoundMethod::call()
#5 D:\\my-code\\kehu-web\\jstforher\\backend\\vendor\\laravel\\lumen-framework\\src\\Concerns\\RoutesRequests.php(389): Illuminate\\Container\\Container->call()
#6 D:\\my-code\\kehu-web\\jstforher\\backend\\vendor\\laravel\\lumen-framework\\src\\Concerns\\RoutesRequests.php(354): Laravel\\Lumen\\Application->callControllerCallable()
#7 D:\\my-code\\kehu-web\\jstforher\\backend\\vendor\\laravel\\lumen-framework\\src\\Concerns\\RoutesRequests.php(329): Laravel\\Lumen\\Application->callLumenController()
#8 D:\\my-code\\kehu-web\\jstforher\\backend\\vendor\\laravel\\lumen-framework\\src\\Concerns\\RoutesRequests.php(282): Laravel\\Lumen\\Application->callControllerAction()
#9 D:\\my-code\\kehu-web\\jstforher\\backend\\vendor\\laravel\\lumen-framework\\src\\Concerns\\RoutesRequests.php(262): Laravel\\Lumen\\Application->callActionOnArrayBasedRoute()
#10 D:\\my-code\\kehu-web\\jstforher\\backend\\vendor\\laravel\\lumen-framework\\src\\Routing\\Pipeline.php(48): Laravel\\Lumen\\Application->Laravel\\Lumen\\Concerns\\{closure}()
#11 D:\\my-code\\kehu-web\\jstforher\\backend\\app\\Http\\Middleware\\Authenticate.php(45): Laravel\\Lumen\\Routing\\Pipeline->Laravel\\Lumen\\Routing\\{closure}()
#12 D:\\my-code\\kehu-web\\jstforher\\backend\\vendor\\illuminate\\pipeline\\Pipeline.php(167): App\\Http\\Middleware\\Authenticate->handle()
#13 D:\\my-code\\kehu-web\\jstforher\\backend\\vendor\\laravel\\lumen-framework\\src\\Routing\\Pipeline.php(30): Illuminate\\Pipeline\\Pipeline->Illuminate\\Pipeline\\{closure}()
#14 D:\\my-code\\kehu-web\\jstforher\\backend\\vendor\\illuminate\\pipeline\\Pipeline.php(103): Laravel\\Lumen\\Routing\\Pipeline->Laravel\\Lumen\\Routing\\{closure}()
#15 D:\\my-code\\kehu-web\\jstforher\\backend\\vendor\\laravel\\lumen-framework\\src\\Concerns\\RoutesRequests.php(426): Illuminate\\Pipeline\\Pipeline->then()
#16 D:\\my-code\\kehu-web\\jstforher\\backend\\vendor\\laravel\\lumen-framework\\src\\Concerns\\RoutesRequests.php(261): Laravel\\Lumen\\Application->sendThroughPipeline()
#17 D:\\my-code\\kehu-web\\jstforher\\backend\\vendor\\laravel\\lumen-framework\\src\\Concerns\\RoutesRequests.php(169): Laravel\\Lumen\\Application->handleFoundRoute()
#18 D:\\my-code\\kehu-web\\jstforher\\backend\\vendor\\laravel\\lumen-framework\\src\\Routing\\Pipeline.php(48): Laravel\\Lumen\\Application->Laravel\\Lumen\\Concerns\\{closure}()
#19 D:\\my-code\\kehu-web\\jstforher\\backend\\app\\Http\\Middleware\\CorsMiddleware.php(30): Laravel\\Lumen\\Routing\\Pipeline->Laravel\\Lumen\\Routing\\{closure}()
#20 D:\\my-code\\kehu-web\\jstforher\\backend\\vendor\\illuminate\\pipeline\\Pipeline.php(167): App\\Http\\Middleware\\CorsMiddleware->handle()
#21 D:\\my-code\\kehu-web\\jstforher\\backend\\vendor\\laravel\\lumen-framework\\src\\Routing\\Pipeline.php(30): Illuminate\\Pipeline\\Pipeline->Illuminate\\Pipeline\\{closure}()
#22 D:\\my-code\\kehu-web\\jstforher\\backend\\vendor\\illuminate\\pipeline\\Pipeline.php(103): Laravel\\Lumen\\Routing\\Pipeline->Laravel\\Lumen\\Routing\\{closure}()
#23 D:\\my-code\\kehu-web\\jstforher\\backend\\vendor\\laravel\\lumen-framework\\src\\Concerns\\RoutesRequests.php(426): Illuminate\\Pipeline\\Pipeline->then()
#24 D:\\my-code\\kehu-web\\jstforher\\backend\\vendor\\laravel\\lumen-framework\\src\\Concerns\\RoutesRequests.php(165): Laravel\\Lumen\\Application->sendThroughPipeline()
#25 D:\\my-code\\kehu-web\\jstforher\\backend\\vendor\\laravel\\lumen-framework\\src\\Concerns\\RoutesRequests.php(112): Laravel\\Lumen\\Application->dispatch()
#26 D:\\my-code\\kehu-web\\jstforher\\backend\\public\\index.php(17): Laravel\\Lumen\\Application->run()
#27 {main}
"} 
[2025-12-30 18:34:23] local.ERROR: Call to undefined function public_path() {"exception":"[object] (Error(code: 0): Call to undefined function public_path() at D:\\my-code\\kehu-web\\jstforher\\backend\\test_upload.php:10)
[stacktrace]
#0 {main}
"} 
[2025-12-30 18:34:55] local.ERROR: implode(): Argument #2 ($array) must be of type ?array, string given {"exception":"[object] (TypeError(code: 0): implode(): Argument #2 ($array) must be of type ?array, string given at D:\\my-code\\kehu-web\\jstforher\\backend\\test_upload.php:62)
[stacktrace]
#0 D:\\my-code\\kehu-web\\jstforher\\backend\\test_upload.php(62): implode()
#1 {main}
"} 
